#
# There is insufficient memory for the Java Runtime Environment to continue.
# Native memory allocation (malloc) failed to allocate 32744 bytes for ChunkPool::allocate
# Possible reasons:
#   The system is out of physical RAM or swap space
#   The process is running with CompressedOops enabled, and the Java Heap may be blocking the growth of the native heap
# Possible solutions:
#   Reduce memory load on the system
#   Increase physical memory or swap space
#   Check if swap backing store is full
#   Decrease Java heap size (-Xmx/-Xms)
#   Decrease number of Java threads
#   Decrease Java thread stack sizes (-Xss)
#   Set larger code cache with -XX:ReservedCodeCacheSize=
#   JVM is running with Unscaled Compressed Oops mode in which the Java heap is
#     placed in the first 4GB address space. The Java Heap base address is the
#     maximum limit for the native heap growth. Please use -XX:HeapBaseMinAddress
#     to set the Java Heap base and to place the Java Heap above 4GB virtual address.
# This output file may be truncated or incomplete.
#
#  Out of Memory Error (arena.cpp:78), pid=6040, tid=2740
#
# JRE version: OpenJDK Runtime Environment Corretto-17.0.5.8.1 (17.0.5+8) (build 17.0.5+8-LTS)
# Java VM: OpenJDK 64-Bit Server VM Corretto-17.0.5.8.1 (17.0.5+8-LTS, mixed mode, emulated-client, sharing, tiered, compressed oops, compressed class ptrs, g1 gc, windows-amd64)
# No core dump will be written. Minidumps are not enabled by default on client versions of Windows
#

---------------  S U M M A R Y ------------

Command Line: -XX:TieredStopAtLevel=1 -Dspring.output.ansi.enabled=always -Dcom.sun.management.jmxremote -Dspring.jmx.enabled=true -Dspring.liveBeansView.mbeanDomain -Dspring.application.admin.enabled=true -Dmanagement.endpoints.jmx.exposure.include=* -javaagent:D:\IntelliJ IDEA 2022.3\lib\idea_rt.jar=59177:D:\IntelliJ IDEA 2022.3\bin -Dfile.encoding=UTF-8 com.test.fastcare.FastCareApplication

Host: Intel(R) Celeron(R) CPU N3350 @ 1.10GHz, 2 cores, 3G,  Windows 10 , 64 bit Build 15063 (10.0.15063.1058)
Time: Tue Dec 13 11:54:41 2022 Srednjeevropski standardni èas elapsed time: 14.329280 seconds (0d 0h 0m 14s)

---------------  T H R E A D  ---------------

Current thread (0x000001ad7e5ad6f0):  JavaThread "C1 CompilerThread0" daemon [_thread_in_native, id=2740, stack(0x0000001950b00000,0x0000001950c00000)]


Current CompileTask:
C1:  14329 2457       1       org.springframework.asm.ClassReader::accept (1401 bytes)

Stack: [0x0000001950b00000,0x0000001950c00000]
Native frames: (J=compiled Java code, j=interpreted, Vv=VM code, C=native code)
V  [jvm.dll+0x646e0a]
V  [jvm.dll+0x7f7f14]
V  [jvm.dll+0x7f96ce]
V  [jvm.dll+0x7f9d23]
V  [jvm.dll+0x234c98]
V  [jvm.dll+0xbcf18]
V  [jvm.dll+0xbd2dc]
V  [jvm.dll+0x17170d]
V  [jvm.dll+0x173899]
V  [jvm.dll+0x172cd7]
V  [jvm.dll+0x170510]
V  [jvm.dll+0x12d283]
V  [jvm.dll+0x12cb4f]
V  [jvm.dll+0x12cd85]
V  [jvm.dll+0x12c175]
V  [jvm.dll+0x12de96]
V  [jvm.dll+0x217bdd]
V  [jvm.dll+0x215e24]
V  [jvm.dll+0x7b06ab]
V  [jvm.dll+0x7aac5a]
V  [jvm.dll+0x645cd5]
C  [ucrtbase.dll+0x20279]
C  [KERNEL32.DLL+0x12784]
C  [ntdll.dll+0x50c51]


---------------  P R O C E S S  ---------------

Threads class SMR info:
_java_thread_list=0x000001ad7fec0e60, length=14, elements={
0x000001ad6f78df90, 0x000001ad6f842370, 0x000001ad6f8431e0, 0x000001ad7e5a8840,
0x000001ad6f84cfe0, 0x000001ad7e5aa6c0, 0x000001ad7e5acc90, 0x000001ad7e5ad6f0,
0x000001ad7e5ae0e0, 0x000001ad7f018050, 0x000001ad7f34a8f0, 0x000001ad7f34adc0,
0x000001ad7f826bb0, 0x000001ad7fba31d0
}

Java Threads: ( => current thread )
  0x000001ad6f78df90 JavaThread "main" [_thread_in_vm, id=6320, stack(0x000000194fd00000,0x000000194fe00000)]
  0x000001ad6f842370 JavaThread "Reference Handler" daemon [_thread_blocked, id=8036, stack(0x0000001950400000,0x0000001950500000)]
  0x000001ad6f8431e0 JavaThread "Finalizer" daemon [_thread_blocked, id=10648, stack(0x0000001950500000,0x0000001950600000)]
  0x000001ad7e5a8840 JavaThread "Signal Dispatcher" daemon [_thread_blocked, id=3492, stack(0x0000001950700000,0x0000001950800000)]
  0x000001ad6f84cfe0 JavaThread "Attach Listener" daemon [_thread_blocked, id=3396, stack(0x0000001950800000,0x0000001950900000)]
  0x000001ad7e5aa6c0 JavaThread "Service Thread" daemon [_thread_blocked, id=11036, stack(0x0000001950900000,0x0000001950a00000)]
  0x000001ad7e5acc90 JavaThread "Monitor Deflation Thread" daemon [_thread_blocked, id=10380, stack(0x0000001950a00000,0x0000001950b00000)]
=>0x000001ad7e5ad6f0 JavaThread "C1 CompilerThread0" daemon [_thread_in_native, id=2740, stack(0x0000001950b00000,0x0000001950c00000)]
  0x000001ad7e5ae0e0 JavaThread "Sweeper thread" daemon [_thread_blocked, id=9380, stack(0x0000001950c00000,0x0000001950d00000)]
  0x000001ad7f018050 JavaThread "Common-Cleaner" daemon [_thread_blocked, id=2480, stack(0x0000001950d00000,0x0000001950e00000)]
  0x000001ad7f34a8f0 JavaThread "Monitor Ctrl-Break" daemon [_thread_in_native, id=6044, stack(0x0000001950e00000,0x0000001950f00000)]
  0x000001ad7f34adc0 JavaThread "Notification Thread" daemon [_thread_blocked, id=5532, stack(0x0000001950f00000,0x0000001951000000)]
  0x000001ad7f826bb0 JavaThread "RMI TCP Accept-0" daemon [_thread_in_native, id=6624, stack(0x0000001951500000,0x0000001951600000)]
  0x000001ad7fba31d0 JavaThread "C1 CompilerThread1" daemon [_thread_blocked, id=7152, stack(0x0000001951700000,0x0000001951800000)]

Other Threads:
  0x000001ad6f83dbb0 VMThread "VM Thread" [stack: 0x0000001950300000,0x0000001950400000] [id=8584]
  0x000001ad6f78ef40 WatcherThread [stack: 0x0000001951600000,0x0000001951700000] [id=5628]
  0x000001ad6f7c8120 GCTaskThread "GC Thread#0" [stack: 0x000000194fe00000,0x000000194ff00000] [id=9704]
  0x000001ad7f3a6450 GCTaskThread "GC Thread#1" [stack: 0x0000001951200000,0x0000001951300000] [id=7440]
  0x000001ad6f7d1c30 ConcurrentGCThread "G1 Main Marker" [stack: 0x000000194ff00000,0x0000001950000000] [id=9020]
  0x000001ad6f7d26b0 ConcurrentGCThread "G1 Conc#0" [stack: 0x0000001950000000,0x0000001950100000] [id=1164]
  0x000001ad6f8063c0 ConcurrentGCThread "G1 Refine#0" [stack: 0x0000001950100000,0x0000001950200000] [id=10164]
  0x000001ad7f154530 ConcurrentGCThread "G1 Refine#1" [stack: 0x0000001951400000,0x0000001951500000] [id=4304]
  0x000001ad6f8075f0 ConcurrentGCThread "G1 Service" [stack: 0x0000001950200000,0x0000001950300000] [id=4480]

Threads with active compile tasks:
C1 CompilerThread0    14387 2457       1       org.springframework.asm.ClassReader::accept (1401 bytes)
C1 CompilerThread1    14387 2480   !   1       org.springframework.core.type.filter.AssignableTypeFilter::matchTargetType (72 bytes)

VM state: not at safepoint (normal execution)

VM Mutex/Monitor currently owned by a thread: None

Heap address: 0x00000000c2200000, size: 990 MB, Compressed Oops mode: 32-bit

CDS archive(s) mapped at: [0x0000000800000000-0x0000000800bc0000-0x0000000800bc0000), size 12320768, SharedBaseAddress: 0x0000000800000000, ArchiveRelocationMode: 0.
Compressed class space mapped at: 0x0000000800c00000-0x0000000840c00000, reserved size: 1073741824
Narrow klass base: 0x0000000800000000, Narrow klass shift: 0, Narrow klass range: 0x100000000

GC Precious Log:
 CPUs: 2 total, 2 available
 Memory: 3959M
 Large Page Support: Disabled
 NUMA Support: Disabled
 Compressed Oops: Enabled (32-bit)
 Heap Region Size: 1M
 Heap Min Capacity: 8M
 Heap Initial Capacity: 62M
 Heap Max Capacity: 990M
 Pre-touch: Disabled
 Parallel Workers: 2
 Concurrent Workers: 1
 Concurrent Refinement Workers: 2
 Periodic GC: Disabled

Heap:
 garbage-first heap   total 63488K, used 21873K [0x00000000c2200000, 0x0000000100000000)
  region size 1024K, 18 young (18432K), 5 survivors (5120K)
 Metaspace       used 18104K, committed 18432K, reserved 1073152K
  class space    used 2412K, committed 2560K, reserved 1048576K

Heap Regions: E=young(eden), S=young(survivor), O=old, HS=humongous(starts), HC=humongous(continues), CS=collection set, F=free, OA=open archive, CA=closed archive, TAMS=top-at-mark-start (previous, next)
|   0|0x00000000c2200000, 0x00000000c2300000, 0x00000000c2300000|100%|HS|  |TAMS 0x00000000c2200000, 0x00000000c2200000| Complete 
|   1|0x00000000c2300000, 0x00000000c2400000, 0x00000000c2400000|100%| O|  |TAMS 0x00000000c2300000, 0x00000000c2300000| Untracked 
|   2|0x00000000c2400000, 0x00000000c2500000, 0x00000000c2500000|100%| O|  |TAMS 0x00000000c2400000, 0x00000000c2400000| Untracked 
|   3|0x00000000c2500000, 0x00000000c2600000, 0x00000000c2600000|100%| O|  |TAMS 0x00000000c2500000, 0x00000000c2500000| Untracked 
|   4|0x00000000c2600000, 0x00000000c2700000, 0x00000000c2700000|100%| O|  |TAMS 0x00000000c2600000, 0x00000000c2600000| Untracked 
|   5|0x00000000c2700000, 0x00000000c27d9000, 0x00000000c2800000| 84%| O|  |TAMS 0x00000000c2700000, 0x00000000c2700000| Untracked 
|   6|0x00000000c2800000, 0x00000000c2800000, 0x00000000c2900000|  0%| F|  |TAMS 0x00000000c2800000, 0x00000000c2800000| Untracked 
|   7|0x00000000c2900000, 0x00000000c2900000, 0x00000000c2a00000|  0%| F|  |TAMS 0x00000000c2900000, 0x00000000c2900000| Untracked 
|   8|0x00000000c2a00000, 0x00000000c2a00000, 0x00000000c2b00000|  0%| F|  |TAMS 0x00000000c2a00000, 0x00000000c2a00000| Untracked 
|   9|0x00000000c2b00000, 0x00000000c2b00000, 0x00000000c2c00000|  0%| F|  |TAMS 0x00000000c2b00000, 0x00000000c2b00000| Untracked 
|  10|0x00000000c2c00000, 0x00000000c2c00000, 0x00000000c2d00000|  0%| F|  |TAMS 0x00000000c2c00000, 0x00000000c2c00000| Untracked 
|  11|0x00000000c2d00000, 0x00000000c2d00000, 0x00000000c2e00000|  0%| F|  |TAMS 0x00000000c2d00000, 0x00000000c2d00000| Untracked 
|  12|0x00000000c2e00000, 0x00000000c2e00000, 0x00000000c2f00000|  0%| F|  |TAMS 0x00000000c2e00000, 0x00000000c2e00000| Untracked 
|  13|0x00000000c2f00000, 0x00000000c2f00000, 0x00000000c3000000|  0%| F|  |TAMS 0x00000000c2f00000, 0x00000000c2f00000| Untracked 
|  14|0x00000000c3000000, 0x00000000c3000000, 0x00000000c3100000|  0%| F|  |TAMS 0x00000000c3000000, 0x00000000c3000000| Untracked 
|  15|0x00000000c3100000, 0x00000000c3100000, 0x00000000c3200000|  0%| F|  |TAMS 0x00000000c3100000, 0x00000000c3100000| Untracked 
|  16|0x00000000c3200000, 0x00000000c3200000, 0x00000000c3300000|  0%| F|  |TAMS 0x00000000c3200000, 0x00000000c3200000| Untracked 
|  17|0x00000000c3300000, 0x00000000c3300000, 0x00000000c3400000|  0%| F|  |TAMS 0x00000000c3300000, 0x00000000c3300000| Untracked 
|  18|0x00000000c3400000, 0x00000000c3400000, 0x00000000c3500000|  0%| F|  |TAMS 0x00000000c3400000, 0x00000000c3400000| Untracked 
|  19|0x00000000c3500000, 0x00000000c3500000, 0x00000000c3600000|  0%| F|  |TAMS 0x00000000c3500000, 0x00000000c3500000| Untracked 
|  20|0x00000000c3600000, 0x00000000c3600000, 0x00000000c3700000|  0%| F|  |TAMS 0x00000000c3600000, 0x00000000c3600000| Untracked 
|  21|0x00000000c3700000, 0x00000000c3700000, 0x00000000c3800000|  0%| F|  |TAMS 0x00000000c3700000, 0x00000000c3700000| Untracked 
|  22|0x00000000c3800000, 0x00000000c3800000, 0x00000000c3900000|  0%| F|  |TAMS 0x00000000c3800000, 0x00000000c3800000| Untracked 
|  23|0x00000000c3900000, 0x00000000c3983550, 0x00000000c3a00000| 51%| S|CS|TAMS 0x00000000c3900000, 0x00000000c3900000| Complete 
|  24|0x00000000c3a00000, 0x00000000c3b00000, 0x00000000c3b00000|100%| S|CS|TAMS 0x00000000c3a00000, 0x00000000c3a00000| Complete 
|  25|0x00000000c3b00000, 0x00000000c3c00000, 0x00000000c3c00000|100%| S|CS|TAMS 0x00000000c3b00000, 0x00000000c3b00000| Complete 
|  26|0x00000000c3c00000, 0x00000000c3d00000, 0x00000000c3d00000|100%| S|CS|TAMS 0x00000000c3c00000, 0x00000000c3c00000| Complete 
|  27|0x00000000c3d00000, 0x00000000c3e00000, 0x00000000c3e00000|100%| S|CS|TAMS 0x00000000c3d00000, 0x00000000c3d00000| Complete 
|  28|0x00000000c3e00000, 0x00000000c3e00000, 0x00000000c3f00000|  0%| F|  |TAMS 0x00000000c3e00000, 0x00000000c3e00000| Untracked 
|  29|0x00000000c3f00000, 0x00000000c3f00000, 0x00000000c4000000|  0%| F|  |TAMS 0x00000000c3f00000, 0x00000000c3f00000| Untracked 
|  30|0x00000000c4000000, 0x00000000c4000000, 0x00000000c4100000|  0%| F|  |TAMS 0x00000000c4000000, 0x00000000c4000000| Untracked 
|  31|0x00000000c4100000, 0x00000000c4100000, 0x00000000c4200000|  0%| F|  |TAMS 0x00000000c4100000, 0x00000000c4100000| Untracked 
|  32|0x00000000c4200000, 0x00000000c4200000, 0x00000000c4300000|  0%| F|  |TAMS 0x00000000c4200000, 0x00000000c4200000| Untracked 
|  33|0x00000000c4300000, 0x00000000c4300000, 0x00000000c4400000|  0%| F|  |TAMS 0x00000000c4300000, 0x00000000c4300000| Untracked 
|  34|0x00000000c4400000, 0x00000000c4400000, 0x00000000c4500000|  0%| F|  |TAMS 0x00000000c4400000, 0x00000000c4400000| Untracked 
|  35|0x00000000c4500000, 0x00000000c4500000, 0x00000000c4600000|  0%| F|  |TAMS 0x00000000c4500000, 0x00000000c4500000| Untracked 
|  36|0x00000000c4600000, 0x00000000c4600000, 0x00000000c4700000|  0%| F|  |TAMS 0x00000000c4600000, 0x00000000c4600000| Untracked 
|  37|0x00000000c4700000, 0x00000000c4700000, 0x00000000c4800000|  0%| F|  |TAMS 0x00000000c4700000, 0x00000000c4700000| Untracked 
|  38|0x00000000c4800000, 0x00000000c4800000, 0x00000000c4900000|  0%| F|  |TAMS 0x00000000c4800000, 0x00000000c4800000| Untracked 
|  39|0x00000000c4900000, 0x00000000c4900000, 0x00000000c4a00000|  0%| F|  |TAMS 0x00000000c4900000, 0x00000000c4900000| Untracked 
|  40|0x00000000c4a00000, 0x00000000c4a00000, 0x00000000c4b00000|  0%| F|  |TAMS 0x00000000c4a00000, 0x00000000c4a00000| Untracked 
|  41|0x00000000c4b00000, 0x00000000c4b00000, 0x00000000c4c00000|  0%| F|  |TAMS 0x00000000c4b00000, 0x00000000c4b00000| Untracked 
|  42|0x00000000c4c00000, 0x00000000c4c00000, 0x00000000c4d00000|  0%| F|  |TAMS 0x00000000c4c00000, 0x00000000c4c00000| Untracked 
|  43|0x00000000c4d00000, 0x00000000c4d00000, 0x00000000c4e00000|  0%| F|  |TAMS 0x00000000c4d00000, 0x00000000c4d00000| Untracked 
|  44|0x00000000c4e00000, 0x00000000c4e00000, 0x00000000c4f00000|  0%| F|  |TAMS 0x00000000c4e00000, 0x00000000c4e00000| Untracked 
|  45|0x00000000c4f00000, 0x00000000c4f00000, 0x00000000c5000000|  0%| F|  |TAMS 0x00000000c4f00000, 0x00000000c4f00000| Untracked 
|  46|0x00000000c5000000, 0x00000000c5000000, 0x00000000c5100000|  0%| F|  |TAMS 0x00000000c5000000, 0x00000000c5000000| Untracked 
|  47|0x00000000c5100000, 0x00000000c5100000, 0x00000000c5200000|  0%| F|  |TAMS 0x00000000c5100000, 0x00000000c5100000| Untracked 
|  48|0x00000000c5200000, 0x00000000c5200000, 0x00000000c5300000|  0%| F|  |TAMS 0x00000000c5200000, 0x00000000c5200000| Untracked 
|  49|0x00000000c5300000, 0x00000000c537ed78, 0x00000000c5400000| 49%| E|  |TAMS 0x00000000c5300000, 0x00000000c5300000| Complete 
|  50|0x00000000c5400000, 0x00000000c5500000, 0x00000000c5500000|100%| E|CS|TAMS 0x00000000c5400000, 0x00000000c5400000| Complete 
|  51|0x00000000c5500000, 0x00000000c5600000, 0x00000000c5600000|100%| E|CS|TAMS 0x00000000c5500000, 0x00000000c5500000| Complete 
|  52|0x00000000c5600000, 0x00000000c5700000, 0x00000000c5700000|100%| E|CS|TAMS 0x00000000c5600000, 0x00000000c5600000| Complete 
|  53|0x00000000c5700000, 0x00000000c5800000, 0x00000000c5800000|100%| E|CS|TAMS 0x00000000c5700000, 0x00000000c5700000| Complete 
|  54|0x00000000c5800000, 0x00000000c5900000, 0x00000000c5900000|100%| E|CS|TAMS 0x00000000c5800000, 0x00000000c5800000| Complete 
|  55|0x00000000c5900000, 0x00000000c5a00000, 0x00000000c5a00000|100%| E|CS|TAMS 0x00000000c5900000, 0x00000000c5900000| Complete 
|  56|0x00000000c5a00000, 0x00000000c5b00000, 0x00000000c5b00000|100%| E|  |TAMS 0x00000000c5a00000, 0x00000000c5a00000| Complete 
|  57|0x00000000c5b00000, 0x00000000c5c00000, 0x00000000c5c00000|100%| E|CS|TAMS 0x00000000c5b00000, 0x00000000c5b00000| Complete 
|  58|0x00000000c5c00000, 0x00000000c5d00000, 0x00000000c5d00000|100%| E|CS|TAMS 0x00000000c5c00000, 0x00000000c5c00000| Complete 
|  59|0x00000000c5d00000, 0x00000000c5e00000, 0x00000000c5e00000|100%| E|CS|TAMS 0x00000000c5d00000, 0x00000000c5d00000| Complete 
|  60|0x00000000c5e00000, 0x00000000c5f00000, 0x00000000c5f00000|100%| E|CS|TAMS 0x00000000c5e00000, 0x00000000c5e00000| Complete 
|  61|0x00000000c5f00000, 0x00000000c6000000, 0x00000000c6000000|100%| E|CS|TAMS 0x00000000c5f00000, 0x00000000c5f00000| Complete 

Card table byte_map: [0x000001ad6f3c0000,0x000001ad6f5b0000] _byte_map_base: 0x000001ad6edaf000

Marking Bits (Prev, Next): (CMBitMap*) 0x000001ad6f7c8730, (CMBitMap*) 0x000001ad6f7c8770
 Prev Bits: [0x000001ad7a470000, 0x000001ad7b3e8000)
 Next Bits: [0x000001ad7b3f0000, 0x000001ad7c368000)

Polling page: 0x000001ad6d780000

Metaspace:

Usage:
  Non-class:     15.33 MB used.
      Class:      2.36 MB used.
       Both:     17.68 MB used.

Virtual space:
  Non-class space:       24.00 MB reserved,      15.50 MB ( 65%) committed,  3 nodes.
      Class space:        1.00 GB reserved,       2.50 MB ( <1%) committed,  1 nodes.
             Both:        1.02 GB reserved,      18.00 MB (  2%) committed. 

Chunk freelists:
   Non-Class:  3.80 MB
       Class:  1.36 MB
        Both:  5.16 MB

MaxMetaspaceSize: unlimited
CompressedClassSpaceSize: 1.00 GB
Initial GC threshold: 21.00 MB
Current GC threshold: 21.00 MB
CDS: on
MetaspaceReclaimPolicy: balanced
 - commit_granule_bytes: 65536.
 - commit_granule_words: 8192.
 - virtual_space_node_default_size: 1048576.
 - enlarge_chunks_in_place: 1.
 - new_chunks_are_fully_committed: 0.
 - uncommit_free_chunks: 1.
 - use_allocation_guard: 0.
 - handle_deallocations: 1.


Internal statistics:

num_allocs_failed_limit: 0.
num_arena_births: 230.
num_arena_deaths: 0.
num_vsnodes_births: 4.
num_vsnodes_deaths: 0.
num_space_committed: 288.
num_space_uncommitted: 0.
num_chunks_returned_to_freelist: 0.
num_chunks_taken_from_freelist: 787.
num_chunk_merges: 0.
num_chunk_splits: 541.
num_chunks_enlarged: 414.
num_purges: 0.
num_inconsistent_stats: 0.

CodeCache: size=49152Kb used=5472Kb max_used=5472Kb free=43679Kb
 bounds [0x000001ad77280000, 0x000001ad777e0000, 0x000001ad7a280000]
 total_blobs=2972 nmethods=2478 adapters=421
 compilation: enabled
              stopped_count=0, restarted_count=0
 full_count=0

Compilation events (20 events):
Event: 14.288 Thread 0x000001ad7fba31d0 2452       1       org.springframework.core.annotation.TypeMappedAnnotations::from (27 bytes)
Event: 14.288 Thread 0x000001ad7fba31d0 nmethod 2452 0x000001ad777cbc90 code [0x000001ad777cbe40, 0x000001ad777cc018]
Event: 14.288 Thread 0x000001ad7e5ad6f0 nmethod 2451 0x000001ad777cc110 code [0x000001ad777cc320, 0x000001ad777cc848]
Event: 14.288 Thread 0x000001ad7e5ad6f0 2453       1       org.springframework.core.annotation.AnnotationsScanner::isKnownEmpty (63 bytes)
Event: 14.288 Thread 0x000001ad7fba31d0 2454       1       org.springframework.core.annotation.AnnotationsScanner::hasPlainJavaAnnotationsOnly (41 bytes)
Event: 14.289 Thread 0x000001ad7e5ad6f0 nmethod 2453 0x000001ad777cca90 code [0x000001ad777ccc60, 0x000001ad777ccf08]
Event: 14.289 Thread 0x000001ad7fba31d0 nmethod 2454 0x000001ad777cd010 code [0x000001ad777cd200, 0x000001ad777cd5c8]
Event: 14.298 Thread 0x000001ad7e5ad6f0 2455       1       org.springframework.core.type.classreading.SimpleAnnotationMetadata::getInterfaceNames (8 bytes)
Event: 14.298 Thread 0x000001ad7e5ad6f0 nmethod 2455 0x000001ad777cd790 code [0x000001ad777cd940, 0x000001ad777cdb18]
Event: 14.303 Thread 0x000001ad7fba31d0 2456       1       java.util.HashSet::size (8 bytes)
Event: 14.304 Thread 0x000001ad7fba31d0 nmethod 2456 0x000001ad777cdc10 code [0x000001ad777cdda0, 0x000001ad777cde78]
Event: 14.305 Thread 0x000001ad7e5ad6f0 2457       1       org.springframework.asm.ClassReader::accept (1401 bytes)
Event: 14.305 Thread 0x000001ad7fba31d0 2458       1       org.springframework.core.type.classreading.SimpleAnnotationMetadataReadingVisitor::visitInnerClass (81 bytes)
Event: 14.306 Thread 0x000001ad7fba31d0 nmethod 2458 0x000001ad777cdf10 code [0x000001ad777ce120, 0x000001ad777ce548]
Event: 14.307 Thread 0x000001ad7fba31d0 2459       1       org.springframework.core.annotation.MergedAnnotationsCollection::<init> (115 bytes)
Event: 14.308 Thread 0x000001ad7fba31d0 nmethod 2459 0x000001ad777ce790 code [0x000001ad777ce9e0, 0x000001ad777cf278]
Event: 14.311 Thread 0x000001ad7fba31d0 2460       1       org.springframework.util.StringUtils::collectionToDelimitedString (10 bytes)
Event: 14.311 Thread 0x000001ad7fba31d0 nmethod 2460 0x000001ad777cf690 code [0x000001ad777cf820, 0x000001ad777cf8e8]
Event: 14.311 Thread 0x000001ad7fba31d0 2461       1       org.springframework.util.StringUtils::collectionToDelimitedString (161 bytes)
Event: 14.313 Thread 0x000001ad7fba31d0 nmethod 2461 0x000001ad777cf990 code [0x000001ad777cfc40, 0x000001ad777d0368]

GC Heap History (10 events):
Event: 5.550 GC heap before
{Heap before GC invocations=0 (full 0):
 garbage-first heap   total 63488K, used 6144K [0x00000000c2200000, 0x0000000100000000)
  region size 1024K, 6 young (6144K), 0 survivors (0K)
 Metaspace       used 1802K, committed 1920K, reserved 1056768K
  class space    used 183K, committed 256K, reserved 1048576K
}
Event: 5.618 GC heap after
{Heap after GC invocations=1 (full 0):
 garbage-first heap   total 63488K, used 5304K [0x00000000c2200000, 0x0000000100000000)
  region size 1024K, 1 young (1024K), 1 survivors (1024K)
 Metaspace       used 1802K, committed 1920K, reserved 1056768K
  class space    used 183K, committed 256K, reserved 1048576K
}
Event: 6.949 GC heap before
{Heap before GC invocations=1 (full 0):
 garbage-first heap   total 63488K, used 7352K [0x00000000c2200000, 0x0000000100000000)
  region size 1024K, 3 young (3072K), 1 survivors (1024K)
 Metaspace       used 2979K, committed 3200K, reserved 1056768K
  class space    used 348K, committed 448K, reserved 1048576K
}
Event: 6.954 GC heap after
{Heap after GC invocations=2 (full 0):
 garbage-first heap   total 63488K, used 5755K [0x00000000c2200000, 0x0000000100000000)
  region size 1024K, 1 young (1024K), 1 survivors (1024K)
 Metaspace       used 2979K, committed 3200K, reserved 1056768K
  class space    used 348K, committed 448K, reserved 1048576K
}
Event: 9.045 GC heap before
{Heap before GC invocations=2 (full 0):
 garbage-first heap   total 63488K, used 12923K [0x00000000c2200000, 0x0000000100000000)
  region size 1024K, 8 young (8192K), 1 survivors (1024K)
 Metaspace       used 6422K, committed 6528K, reserved 1056768K
  class space    used 791K, committed 832K, reserved 1048576K
}
Event: 9.051 GC heap after
{Heap after GC invocations=3 (full 0):
 garbage-first heap   total 63488K, used 6806K [0x00000000c2200000, 0x0000000100000000)
  region size 1024K, 1 young (1024K), 1 survivors (1024K)
 Metaspace       used 6422K, committed 6528K, reserved 1056768K
  class space    used 791K, committed 832K, reserved 1048576K
}
Event: 11.274 GC heap before
{Heap before GC invocations=3 (full 0):
 garbage-first heap   total 63488K, used 21142K [0x00000000c2200000, 0x0000000100000000)
  region size 1024K, 15 young (15360K), 1 survivors (1024K)
 Metaspace       used 9626K, committed 9920K, reserved 1064960K
  class space    used 1281K, committed 1408K, reserved 1048576K
}
Event: 11.283 GC heap after
{Heap after GC invocations=4 (full 0):
 garbage-first heap   total 63488K, used 8036K [0x00000000c2200000, 0x0000000100000000)
  region size 1024K, 2 young (2048K), 2 survivors (2048K)
 Metaspace       used 9626K, committed 9920K, reserved 1064960K
  class space    used 1281K, committed 1408K, reserved 1048576K
}
Event: 13.427 GC heap before
{Heap before GC invocations=4 (full 0):
 garbage-first heap   total 63488K, used 39780K [0x00000000c2200000, 0x0000000100000000)
  region size 1024K, 34 young (34816K), 2 survivors (2048K)
 Metaspace       used 17128K, committed 17408K, reserved 1064960K
  class space    used 2261K, committed 2368K, reserved 1048576K
}
Event: 13.461 GC heap after
{Heap after GC invocations=5 (full 0):
 garbage-first heap   total 63488K, used 10609K [0x00000000c2200000, 0x0000000100000000)
  region size 1024K, 5 young (5120K), 5 survivors (5120K)
 Metaspace       used 17128K, committed 17408K, reserved 1064960K
  class space    used 2261K, committed 2368K, reserved 1048576K
}

Dll operation events (12 events):
Event: 0.060 Loaded shared library C:\Users\MutantDestroyer\.jdks\corretto-17.0.5\bin\java.dll
Event: 0.085 Loaded shared library C:\Users\MutantDestroyer\.jdks\corretto-17.0.5\bin\jsvml.dll
Event: 0.532 Loaded shared library C:\Users\MutantDestroyer\.jdks\corretto-17.0.5\bin\zip.dll
Event: 0.574 Loaded shared library C:\Users\MutantDestroyer\.jdks\corretto-17.0.5\bin\instrument.dll
Event: 0.614 Loaded shared library C:\Users\MutantDestroyer\.jdks\corretto-17.0.5\bin\net.dll
Event: 0.618 Loaded shared library C:\Users\MutantDestroyer\.jdks\corretto-17.0.5\bin\nio.dll
Event: 0.627 Loaded shared library C:\Users\MutantDestroyer\.jdks\corretto-17.0.5\bin\zip.dll
Event: 4.958 Loaded shared library D:\IntelliJ IDEA 2022.3\bin\breakgen64.dll
Event: 4.994 Loaded shared library C:\Users\MutantDestroyer\.jdks\corretto-17.0.5\bin\jimage.dll
Event: 5.052 Loaded shared library C:\Users\MutantDestroyer\.jdks\corretto-17.0.5\bin\management.dll
Event: 5.078 Loaded shared library C:\Users\MutantDestroyer\.jdks\corretto-17.0.5\bin\management_ext.dll
Event: 12.092 Loaded shared library C:\Users\MutantDestroyer\.jdks\corretto-17.0.5\bin\verify.dll

Deoptimization events (2 events):
Event: 12.382 Thread 0x000001ad6f78df90 DEOPT PACKING pc=0x000001ad776e9919 sp=0x000000194fdfd440
Event: 12.382 Thread 0x000001ad6f78df90 DEOPT UNPACKING pc=0x000001ad772d2b24 sp=0x000000194fdfc920 mode 3

Classes unloaded (0 events):
No events

Classes redefined (0 events):
No events

Internal exceptions (20 events):
Event: 11.143 Thread 0x000001ad6f78df90 Exception <a 'java/lang/NoSuchMethodError'{0x00000000c51a5b50}: 'java.lang.Object java.lang.invoke.DirectMethodHandle$Holder.invokeStatic(java.lang.Object, java.lang.Object, long, java.lang.Object)'> (0x00000000c51a5b50) 
thrown [s\src\hotspot\share\interpreter\linkResolver.cpp, line 759]
Event: 11.144 Thread 0x000001ad6f78df90 Exception <a 'java/lang/NoSuchMethodError'{0x00000000c51a95e8}: 'java.lang.Object java.lang.invoke.DirectMethodHandle$Holder.invokeStaticInit(java.lang.Object, java.lang.Object, long, java.lang.Object)'> (0x00000000c51a95e8) 
thrown [s\src\hotspot\share\interpreter\linkResolver.cpp, line 759]
Event: 11.145 Thread 0x000001ad6f78df90 Exception <a 'java/lang/NoSuchMethodError'{0x00000000c51afbf8}: 'java.lang.Object java.lang.invoke.DirectMethodHandle$Holder.newInvokeSpecial(java.lang.Object, java.lang.Object, long)'> (0x00000000c51afbf8) 
thrown [s\src\hotspot\share\interpreter\linkResolver.cpp, line 759]
Event: 11.146 Thread 0x000001ad6f78df90 Exception <a 'java/lang/NoSuchMethodError'{0x00000000c51b3768}: 'java.lang.Object java.lang.invoke.Invokers$Holder.linkToTargetMethod(java.lang.Object, long, java.lang.Object)'> (0x00000000c51b3768) 
thrown [s\src\hotspot\share\interpreter\linkResolver.cpp, line 759]
Event: 11.265 Thread 0x000001ad6f78df90 Exception <a 'java/lang/NoSuchMethodError'{0x00000000c51f5a10}: 'void java.lang.invoke.DirectMethodHandle$Holder.invokeVirtual(java.lang.Object, java.lang.Object, java.lang.Object, java.lang.Object)'> (0x00000000c51f5a10) 
thrown [s\src\hotspot\share\interpreter\linkResolver.cpp, line 759]
Event: 11.659 Thread 0x000001ad6f78df90 Exception <a 'java/lang/NoSuchMethodError'{0x00000000c5e4d170}: 'void java.lang.invoke.DirectMethodHandle$Holder.invokeSpecial(java.lang.Object, java.lang.Object, java.lang.Object)'> (0x00000000c5e4d170) 
thrown [s\src\hotspot\share\interpreter\linkResolver.cpp, line 759]
Event: 11.661 Thread 0x000001ad6f78df90 Exception <a 'java/lang/NoSuchMethodError'{0x00000000c5e53748}: 'void java.lang.invoke.DirectMethodHandle$Holder.invokeSpecial(java.lang.Object, java.lang.Object, java.lang.Object, java.lang.Object, java.lang.Object)'> (0x00000000c5e53748) 
thrown [s\src\hotspot\share\interpreter\linkResolver.cpp, line 759]
Event: 11.738 Thread 0x000001ad6f78df90 Exception <a 'java/lang/IncompatibleClassChangeError'{0x00000000c5eb4748}: Found class java.lang.Object, but interface was expected> (0x00000000c5eb4748) 
thrown [s\src\hotspot\share\interpreter\linkResolver.cpp, line 826]
Event: 11.834 Thread 0x000001ad7fb02230 Exception <a 'java/lang/NoClassDefFoundError'{0x00000000c5d969d0}: jakarta/validation/Validation> (0x00000000c5d969d0) 
thrown [s\src\hotspot\share\classfile\systemDictionary.cpp, line 245]
Event: 12.181 Thread 0x000001ad6f78df90 Exception <a 'java/lang/NoSuchMethodError'{0x00000000c5589748}: 'java.lang.Object java.lang.invoke.DirectMethodHandle$Holder.invokeStatic(java.lang.Object, int, java.lang.Object)'> (0x00000000c5589748) 
thrown [s\src\hotspot\share\interpreter\linkResolver.cpp, line 759]
Event: 12.832 Thread 0x000001ad7fb02230 Exception <a 'java/lang/NoSuchMethodError'{0x00000000c43292f0}: 'long java.lang.invoke.DirectMethodHandle$Holder.invokeSpecial(java.lang.Object, java.lang.Object)'> (0x00000000c43292f0) 
thrown [s\src\hotspot\share\interpreter\linkResolver.cpp, line 759]
Event: 12.835 Thread 0x000001ad7fb02230 Exception <a 'java/lang/NoSuchMethodError'{0x00000000c4334518}: 'long java.lang.invoke.DirectMethodHandle$Holder.invokeStatic(java.lang.Object, java.lang.Object)'> (0x00000000c4334518) 
thrown [s\src\hotspot\share\interpreter\linkResolver.cpp, line 759]
Event: 12.835 Thread 0x000001ad7fb02230 Exception <a 'java/lang/NoSuchMethodError'{0x00000000c4337b18}: 'long java.lang.invoke.DirectMethodHandle$Holder.invokeStaticInit(java.lang.Object, java.lang.Object)'> (0x00000000c4337b18) 
thrown [s\src\hotspot\share\interpreter\linkResolver.cpp, line 759]
Event: 12.838 Thread 0x000001ad7fb02230 Exception <a 'java/lang/NoSuchMethodError'{0x00000000c4345658}: 'long java.lang.invoke.DirectMethodHandle$Holder.invokeInterface(java.lang.Object, java.lang.Object)'> (0x00000000c4345658) 
thrown [s\src\hotspot\share\interpreter\linkResolver.cpp, line 759]
Event: 12.839 Thread 0x000001ad7fb02230 Exception <a 'java/lang/IncompatibleClassChangeError'{0x00000000c4348be8}: Found class java.lang.Object, but interface was expected> (0x00000000c4348be8) 
thrown [s\src\hotspot\share\interpreter\linkResolver.cpp, line 826]
Event: 12.842 Thread 0x000001ad6f78df90 Exception <a 'java/lang/NoSuchMethodError'{0x00000000c4370ec8}: 'int java.lang.invoke.DirectMethodHandle$Holder.invokeSpecial(java.lang.Object, java.lang.Object, java.lang.Object, java.lang.Object, java.lang.Object)'> (0x00000000c4370ec8) 
thrown [s\src\hotspot\share\interpreter\linkResolver.cpp, line 759]
Event: 12.846 Thread 0x000001ad6f78df90 Exception <a 'java/lang/NoSuchMethodError'{0x00000000c4379998}: 'void java.lang.invoke.DirectMethodHandle$Holder.invokeVirtual(java.lang.Object, java.lang.Object)'> (0x00000000c4379998) 
thrown [s\src\hotspot\share\interpreter\linkResolver.cpp, line 759]
Event: 12.868 Thread 0x000001ad7fb02230 Exception <a 'java/lang/NoSuchMethodError'{0x00000000c423bfe0}: 'java.lang.Object java.lang.invoke.DirectMethodHandle$Holder.invokeVirtual(java.lang.Object, java.lang.Object, java.lang.Object, java.lang.Object)'> (0x00000000c423bfe0) 
thrown [s\src\hotspot\share\interpreter\linkResolver.cpp, line 759]
Event: 13.547 Thread 0x000001ad6f78df90 Exception <a 'java/lang/IncompatibleClassChangeError'{0x00000000c5ec55a8}: Found class java.lang.Object, but interface was expected> (0x00000000c5ec55a8) 
thrown [s\src\hotspot\share\interpreter\linkResolver.cpp, line 826]
Event: 13.652 Thread 0x000001ad6f78df90 Exception <a 'java/lang/NoSuchMethodError'{0x00000000c5df27f8}: 'void java.lang.invoke.DirectMethodHandle$Holder.invokeInterface(java.lang.Object, java.lang.Object, java.lang.Object, java.lang.Object)'> (0x00000000c5df27f8) 
thrown [s\src\hotspot\share\interpreter\linkResolver.cpp, line 759]

VM Operations (20 events):
Event: 10.487 Executing VM operation: Cleanup
Event: 10.488 Executing VM operation: Cleanup done
Event: 10.544 Executing VM operation: HandshakeAllThreads
Event: 10.544 Executing VM operation: HandshakeAllThreads done
Event: 11.273 Executing VM operation: G1CollectForAllocation
Event: 11.283 Executing VM operation: G1CollectForAllocation done
Event: 11.433 Executing VM operation: HandshakeAllThreads
Event: 11.433 Executing VM operation: HandshakeAllThreads done
Event: 11.653 Executing VM operation: HandshakeAllThreads
Event: 11.653 Executing VM operation: HandshakeAllThreads done
Event: 12.604 Executing VM operation: HandshakeAllThreads
Event: 12.604 Executing VM operation: HandshakeAllThreads done
Event: 12.604 Executing VM operation: Cleanup
Event: 12.604 Executing VM operation: Cleanup done
Event: 12.774 Executing VM operation: HandshakeAllThreads
Event: 12.774 Executing VM operation: HandshakeAllThreads done
Event: 12.806 Executing VM operation: HandshakeAllThreads
Event: 12.806 Executing VM operation: HandshakeAllThreads done
Event: 13.421 Executing VM operation: G1CollectForAllocation
Event: 13.463 Executing VM operation: G1CollectForAllocation done

Events (20 events):
Event: 12.849 loading class java/util/stream/SortedOps$RefSortingSink done
Event: 12.851 loading class java/util/regex/Pattern$LazyLoop
Event: 12.851 loading class java/util/regex/Pattern$Loop
Event: 12.851 loading class java/util/regex/Pattern$Loop done
Event: 12.851 loading class java/util/regex/Pattern$LazyLoop done
Event: 12.851 loading class java/util/regex/Pattern$Prolog
Event: 12.851 loading class java/util/regex/Pattern$Prolog done
Event: 12.873 Thread 0x000001ad7fb02230 Thread exited: 0x000001ad7fb02230
Event: 12.923 loading class java/lang/AssertionError
Event: 12.924 loading class java/lang/AssertionError done
Event: 13.375 Thread 0x000001ad7fe8f560 Thread added: 0x000001ad7fe8f560
Event: 13.404 loading class javax/naming/ldap/LdapContext
Event: 13.404 loading class javax/naming/directory/DirContext
Event: 13.404 loading class javax/naming/directory/DirContext done
Event: 13.404 loading class javax/naming/ldap/LdapContext done
Event: 13.506 Thread 0x000001ad7fe8f560 Thread exited: 0x000001ad7fe8f560
Event: 14.002 loading class java/nio/charset/CharacterCodingException
Event: 14.002 loading class java/nio/charset/CharacterCodingException done
Event: 14.152 loading class java/beans/PropertyVetoException
Event: 14.152 loading class java/beans/PropertyVetoException done


Dynamic libraries:
0x00007ff6bb180000 - 0x00007ff6bb18d000 	C:\Users\MutantDestroyer\.jdks\corretto-17.0.5\bin\java.exe
0x00007ff8c8520000 - 0x00007ff8c86fb000 	C:\WINDOWS\SYSTEM32\ntdll.dll
0x00007ff8c7210000 - 0x00007ff8c72be000 	C:\WINDOWS\System32\KERNEL32.DLL
0x00007ff8c5830000 - 0x00007ff8c5a7a000 	C:\WINDOWS\System32\KERNELBASE.dll
0x00007ff8c5300000 - 0x00007ff8c53f6000 	C:\WINDOWS\System32\ucrtbase.dll
0x00007ff8bd370000 - 0x00007ff8bd387000 	C:\Users\MutantDestroyer\.jdks\corretto-17.0.5\bin\jli.dll
0x00007ff8c8300000 - 0x00007ff8c844a000 	C:\WINDOWS\System32\USER32.dll
0x00007ff8c55d0000 - 0x00007ff8c55ee000 	C:\WINDOWS\System32\win32u.dll
0x00007ff8c8180000 - 0x00007ff8c81a7000 	C:\WINDOWS\System32\GDI32.dll
0x00007ff8c56a0000 - 0x00007ff8c5828000 	C:\WINDOWS\System32\gdi32full.dll
0x00007ff8c4aa0000 - 0x00007ff8c4b3a000 	C:\WINDOWS\System32\msvcp_win.dll
0x00007ff8bc9b0000 - 0x00007ff8bc9c5000 	C:\Users\MutantDestroyer\.jdks\corretto-17.0.5\bin\VCRUNTIME140.dll
0x00007ff8b4f30000 - 0x00007ff8b5197000 	C:\WINDOWS\WinSxS\amd64_microsoft.windows.common-controls_6595b64144ccf1df_6.0.15063.1155_none_40c7922129a7722b\COMCTL32.dll
0x00007ff8c8450000 - 0x00007ff8c84ed000 	C:\WINDOWS\System32\msvcrt.dll
0x00007ff8c7dc0000 - 0x00007ff8c80b9000 	C:\WINDOWS\System32\combase.dll
0x00007ff8c5bf0000 - 0x00007ff8c5d15000 	C:\WINDOWS\System32\RPCRT4.dll
0x00007ff8c4b40000 - 0x00007ff8c4baa000 	C:\WINDOWS\System32\bcryptPrimitives.dll
0x00007ff8c84f0000 - 0x00007ff8c851d000 	C:\WINDOWS\System32\IMM32.DLL
0x00007ff8b3a40000 - 0x00007ff8b3adb000 	C:\Users\MutantDestroyer\.jdks\corretto-17.0.5\bin\msvcp140.dll
0x00007ff87b370000 - 0x00007ff87bf84000 	C:\Users\MutantDestroyer\.jdks\corretto-17.0.5\bin\server\jvm.dll
0x00007ff8c76b0000 - 0x00007ff8c7751000 	C:\WINDOWS\System32\ADVAPI32.dll
0x00007ff8c72e0000 - 0x00007ff8c7339000 	C:\WINDOWS\System32\sechost.dll
0x00007ff8b5400000 - 0x00007ff8b5409000 	C:\WINDOWS\SYSTEM32\WSOCK32.dll
0x00007ff8c7640000 - 0x00007ff8c76ac000 	C:\WINDOWS\System32\WS2_32.dll
0x00007ff8c2f70000 - 0x00007ff8c2f93000 	C:\WINDOWS\SYSTEM32\WINMM.dll
0x00007ff8bb830000 - 0x00007ff8bb83a000 	C:\WINDOWS\SYSTEM32\VERSION.dll
0x00007ff8c2f10000 - 0x00007ff8c2f3b000 	C:\WINDOWS\SYSTEM32\winmmbase.dll
0x00007ff8c52b0000 - 0x00007ff8c52f9000 	C:\WINDOWS\System32\cfgmgr32.dll
0x00007ff8c49e0000 - 0x00007ff8c49f1000 	C:\WINDOWS\System32\kernel.appcore.dll
0x00007ff8c0690000 - 0x00007ff8c069a000 	C:\Users\MutantDestroyer\.jdks\corretto-17.0.5\bin\jimage.dll
0x00007ff8c0af0000 - 0x00007ff8c0c99000 	C:\WINDOWS\SYSTEM32\DBGHELP.DLL
0x00007ff8b2f90000 - 0x00007ff8b2fb9000 	C:\WINDOWS\SYSTEM32\dbgcore.DLL
0x00007ff8b51f0000 - 0x00007ff8b51fe000 	C:\Users\MutantDestroyer\.jdks\corretto-17.0.5\bin\instrument.dll
0x00007ff8b3a10000 - 0x00007ff8b3a35000 	C:\Users\MutantDestroyer\.jdks\corretto-17.0.5\bin\java.dll
0x00007ff8a0830000 - 0x00007ff8a0906000 	C:\Users\MutantDestroyer\.jdks\corretto-17.0.5\bin\jsvml.dll
0x00007ff8c5d20000 - 0x00007ff8c7158000 	C:\WINDOWS\System32\SHELL32.dll
0x00007ff8c7160000 - 0x00007ff8c720a000 	C:\WINDOWS\System32\shcore.dll
0x00007ff8c4bb0000 - 0x00007ff8c52a1000 	C:\WINDOWS\System32\windows.storage.dll
0x00007ff8c75e0000 - 0x00007ff8c7631000 	C:\WINDOWS\System32\shlwapi.dll
0x00007ff8c4990000 - 0x00007ff8c49dc000 	C:\WINDOWS\System32\powrprof.dll
0x00007ff8c4a00000 - 0x00007ff8c4a15000 	C:\WINDOWS\System32\profapi.dll
0x00007ff8b39f0000 - 0x00007ff8b3a08000 	C:\Users\MutantDestroyer\.jdks\corretto-17.0.5\bin\zip.dll
0x00007ff8bc6c0000 - 0x00007ff8bc6d9000 	C:\Users\MutantDestroyer\.jdks\corretto-17.0.5\bin\net.dll
0x00007ff8b2060000 - 0x00007ff8b2136000 	C:\WINDOWS\SYSTEM32\WINHTTP.dll
0x00007ff8c4240000 - 0x00007ff8c429c000 	C:\WINDOWS\system32\mswsock.dll
0x00007ff8b3d10000 - 0x00007ff8b3d25000 	C:\Users\MutantDestroyer\.jdks\corretto-17.0.5\bin\nio.dll
0x00007ff8b3af0000 - 0x00007ff8b3b0a000 	D:\IntelliJ IDEA 2022.3\bin\breakgen64.dll
0x00007ff8c4020000 - 0x00007ff8c40c4000 	C:\WINDOWS\SYSTEM32\DNSAPI.dll
0x00007ff8c7540000 - 0x00007ff8c7548000 	C:\WINDOWS\System32\NSI.dll
0x00007ff8c3fe0000 - 0x00007ff8c4017000 	C:\WINDOWS\SYSTEM32\IPHLPAPI.DLL
0x00007ff8b01e0000 - 0x00007ff8b01ea000 	C:\Windows\System32\rasadhlp.dll
0x00007ff8b80b0000 - 0x00007ff8b811b000 	C:\WINDOWS\System32\fwpuclnt.dll
0x00007ff8c4860000 - 0x00007ff8c4885000 	C:\WINDOWS\SYSTEM32\bcrypt.dll
0x00007ff8c3050000 - 0x00007ff8c3059000 	C:\Users\MutantDestroyer\.jdks\corretto-17.0.5\bin\management.dll
0x00007ff8c06a0000 - 0x00007ff8c06ab000 	C:\Users\MutantDestroyer\.jdks\corretto-17.0.5\bin\management_ext.dll
0x00007ff8c7db0000 - 0x00007ff8c7db8000 	C:\WINDOWS\System32\PSAPI.DLL
0x00007ff8c43e0000 - 0x00007ff8c43f7000 	C:\WINDOWS\SYSTEM32\CRYPTSP.dll
0x00007ff8c3e50000 - 0x00007ff8c3e84000 	C:\WINDOWS\system32\rsaenh.dll
0x00007ff8c4890000 - 0x00007ff8c48b9000 	C:\WINDOWS\SYSTEM32\USERENV.dll
0x00007ff8c4400000 - 0x00007ff8c440b000 	C:\WINDOWS\SYSTEM32\CRYPTBASE.dll
0x00007ff8b8810000 - 0x00007ff8b8826000 	C:\WINDOWS\SYSTEM32\dhcpcsvc6.DLL
0x00007ff8b8f40000 - 0x00007ff8b8f5a000 	C:\WINDOWS\SYSTEM32\dhcpcsvc.DLL
0x00007ff8bca40000 - 0x00007ff8bca56000 	C:\WINDOWS\system32\napinsp.dll
0x00007ff8bc4f0000 - 0x00007ff8bc50a000 	C:\WINDOWS\system32\pnrpnsp.dll
0x00007ff8c1800000 - 0x00007ff8c1818000 	C:\WINDOWS\system32\NLAapi.dll
0x00007ff8bfda0000 - 0x00007ff8bfdae000 	C:\WINDOWS\System32\winrnr.dll
0x00007ff8b0510000 - 0x00007ff8b0525000 	C:\WINDOWS\System32\wshbth.dll
0x00007ff8bc6a0000 - 0x00007ff8bc6b0000 	C:\Users\MutantDestroyer\.jdks\corretto-17.0.5\bin\verify.dll

dbghelp: loaded successfully - version: 4.0.5 - missing functions: none
symbol engine: initialized successfully - sym options: 0x614 - pdb path: .;C:\Users\MutantDestroyer\.jdks\corretto-17.0.5\bin;C:\WINDOWS\SYSTEM32;C:\WINDOWS\WinSxS\amd64_microsoft.windows.common-controls_6595b64144ccf1df_6.0.15063.1155_none_40c7922129a7722b;C:\Users\MutantDestroyer\.jdks\corretto-17.0.5\bin\server;D:\IntelliJ IDEA 2022.3\bin

VM Arguments:
jvm_args: -XX:TieredStopAtLevel=1 -Dspring.output.ansi.enabled=always -Dcom.sun.management.jmxremote -Dspring.jmx.enabled=true -Dspring.liveBeansView.mbeanDomain -Dspring.application.admin.enabled=true -Dmanagement.endpoints.jmx.exposure.include=* -javaagent:D:\IntelliJ IDEA 2022.3\lib\idea_rt.jar=59177:D:\IntelliJ IDEA 2022.3\bin -Dfile.encoding=UTF-8 
java_command: com.test.fastcare.FastCareApplication
java_class_path (initial): D:\ris\FastCare\target\classes;C:\Users\MutantDestroyer\.m2\repository\org\springframework\boot\spring-boot-starter-data-jpa\3.0.0\spring-boot-starter-data-jpa-3.0.0.jar;C:\Users\MutantDestroyer\.m2\repository\org\springframework\boot\spring-boot-starter-aop\3.0.0\spring-boot-starter-aop-3.0.0.jar;C:\Users\MutantDestroyer\.m2\repository\org\springframework\spring-aop\6.0.2\spring-aop-6.0.2.jar;C:\Users\MutantDestroyer\.m2\repository\org\aspectj\aspectjweaver\1.9.9.1\aspectjweaver-1.9.9.1.jar;C:\Users\MutantDestroyer\.m2\repository\org\springframework\boot\spring-boot-starter-jdbc\3.0.0\spring-boot-starter-jdbc-3.0.0.jar;C:\Users\MutantDestroyer\.m2\repository\com\zaxxer\HikariCP\5.0.1\HikariCP-5.0.1.jar;C:\Users\MutantDestroyer\.m2\repository\org\springframework\spring-jdbc\6.0.2\spring-jdbc-6.0.2.jar;C:\Users\MutantDestroyer\.m2\repository\org\hibernate\orm\hibernate-core\6.1.5.Final\hibernate-core-6.1.5.Final.jar;C:\Users\MutantDestroyer\.m2\repository\jakarta\persistence\jakarta.persistence-api\3.1.0\jakarta.persistence-api-3.1.0.jar;C:\Users\MutantDestroyer\.m2\repository\jakarta\transaction\jakarta.transaction-api\2.0.1\jakarta.transaction-api-2.0.1.jar;C:\Users\MutantDestroyer\.m2\repository\org\jboss\logging\jboss-logging\3.5.0.Final\jboss-logging-3.5.0.Final.jar;C:\Users\MutantDestroyer\.m2\repository\org\hibernate\common\hibernate-commons-annotations\6.0.2.Final\hibernate-commons-annotations-6.0.2.Final.jar;C:\Users\MutantDestroyer\.m2\repository\org\jboss\jandex\2.4.2.Final\jandex-2.4.2.Final.jar;C:\Users\MutantDestroyer\.m2\repository\com\fasterxml\classmate\1.5.1\classmate-1.5.1.jar;C:\Users\MutantDestroyer\.m2\repository\net\bytebuddy\byte-buddy\1.12.19\byte-buddy-1.12.19.jar;C:\Users\MutantDestroyer\.m2\repository\org\glassfish\jaxb\jaxb-runtime\4.0.1\jaxb-runtime-4.0.1.jar;C:\Users\MutantDestroyer\.m2\repository\org\glassfish\jaxb\jaxb-core\4.0.1\jaxb-core-4.0.1.jar;C:\Users\MutantDestroyer\.m2\repository\org\eclipse\angus
Launcher Type: SUN_STANDARD

[Global flags]
     intx CICompilerCount                          = 2                                         {product} {ergonomic}
     uint ConcGCThreads                            = 1                                         {product} {ergonomic}
     uint G1ConcRefinementThreads                  = 2                                         {product} {ergonomic}
   size_t G1HeapRegionSize                         = 1048576                                   {product} {ergonomic}
    uintx GCDrainStackTargetSize                   = 64                                        {product} {ergonomic}
   size_t InitialHeapSize                          = 65011712                                  {product} {ergonomic}
     bool ManagementServer                         = true                                      {product} {command line}
   size_t MarkStackSize                            = 4194304                                   {product} {ergonomic}
   size_t MaxHeapSize                              = 1038090240                                {product} {ergonomic}
   size_t MaxNewSize                               = 622854144                                 {product} {ergonomic}
   size_t MinHeapDeltaBytes                        = 1048576                                   {product} {ergonomic}
   size_t MinHeapSize                              = 8388608                                   {product} {ergonomic}
    uintx NonProfiledCodeHeapSize                  = 0                                      {pd product} {ergonomic}
     bool ProfileInterpreter                       = false                                  {pd product} {command line}
    uintx ProfiledCodeHeapSize                     = 0                                      {pd product} {ergonomic}
   size_t SoftMaxHeapSize                          = 1038090240                             {manageable} {ergonomic}
     intx TieredStopAtLevel                        = 1                                         {product} {command line}
     bool UseCompressedClassPointers               = true                           {product lp64_product} {ergonomic}
     bool UseCompressedOops                        = true                           {product lp64_product} {ergonomic}
     bool UseG1GC                                  = true                                      {product} {ergonomic}
     bool UseLargePagesIndividualAllocation        = false                                  {pd product} {ergonomic}

Logging:
Log output configuration:
 #0: stdout all=warning uptime,level,tags
 #1: stderr all=off uptime,level,tags

Environment Variables:
JAVA_HOME=C:\Program Files\OpenJDK\jdk-16
PATH=C:\Program Files\OpenJDK\jdk-16\bin;C:\Program Files (x86)\Intel\TXE Components\iCLS\;C:\Program Files\Intel\TXE Components\iCLS\;C:\WINDOWS\system32;C:\WINDOWS;C:\WINDOWS\System32\Wbem;C:\WINDOWS\System32\WindowsPowerShell\v1.0\;C:\Program Files\Intel\TXE Components\DAL\;C:\Program Files (x86)\Intel\TXE Components\DAL\;C:\Program Files\Intel\TXE Components\IPT\;C:\Program Files (x86)\Intel\TXE Components\IPT\;C:\Program Files\Intel\WiFi\bin\;C:\Program Files\Common Files\Intel\WirelessCommon\;C:\Users\MutantDestroyer\AppData\Local\Microsoft\WindowsApps;C:\Users\MutantDestroyer\AppData\Local\GitHubDesktop\bin
USERNAME=MutantDestroyer
OS=Windows_NT
PROCESSOR_IDENTIFIER=Intel64 Family 6 Model 92 Stepping 9, GenuineIntel
TMP=C:\Users\MUTANT~1\AppData\Local\Temp
TEMP=C:\Users\MUTANT~1\AppData\Local\Temp



---------------  S Y S T E M  ---------------

OS:
 Windows 10 , 64 bit Build 15063 (10.0.15063.1058)
OS uptime: 5 days 1:51 hours

CPU: total 2 (initial active 2) (2 cores per cpu, 1 threads per core) family 6 model 92 stepping 9 microcode 0x1c, cx8, cmov, fxsr, mmx, 3dnowpref, sse, sse2, sse3, ssse3, sse4.1, sse4.2, popcnt, tsc, tscinvbit, aes, erms, clmul, sha, clflush, clflushopt

Memory: 4k page, system-wide physical 3959M (466M free)
TotalPageFile size 6366M (AvailPageFile size 3M)
current process WorkingSet (physical memory assigned to process): 110M, peak: 110M
current process commit charge ("private bytes"): 157M, peak: 157M

vm_info: OpenJDK 64-Bit Server VM (17.0.5+8-LTS) for windows-amd64 JRE (17.0.5+8-LTS), built on Oct 13 2022 05:18:14 by "Administrator" with MS VC++ 15.9 (VS2017)

END.
